<?xml version="1.0" encoding="UTF-8"?>
<!-- Generated by org.testng.reporters.JUnitXMLReporter -->
<testsuite ignored="0" hostname="DESKTOP-C7ALN6B" failures="1" tests="6" name="Test" time="23.074" errors="0" timestamp="2023-10-05T21:51:07 IST">
  <testcase classname="com.gor.pathology.tests.GORTests" name="doLogin" time="3.895"/>
  <testcase classname="com.gor.pathology.tests.GORTests" name="doLogin" time="3.763"/>
  <testcase classname="com.gor.pathology.tests.GORTests" name="doLogin" time="3.572"/>
  <testcase classname="com.gor.pathology.tests.GORTests" name="doLogin" time="3.551"/>
  <testcase classname="com.gor.pathology.tests.GORTests" name="doLogin" time="7.162"/>
  <testcase classname="com.gor.pathology.tests.GORTests" name="doLogin" time="0.003">
    <failure type="java.lang.NullPointerException" message="Cannot invoke &amp;quot;String.equals(Object)&amp;quot; because &amp;quot;tName&amp;quot; is null">
      <![CDATA[java.lang.NullPointerException: Cannot invoke "String.equals(Object)" because "tName" is null
at com.gor.pathology.tests.GORTests.doLogin(GORTests.java:14)
at java.base/java.util.ArrayList.forEach(ArrayList.java:1511)
... Removed 27 stack frames]]>
    </failure>
  </testcase> <!-- doLogin -->
</testsuite> <!-- Test -->
