<?xml version="1.0" encoding="UTF-8"?>
<testng-results ignored="0" total="6" passed="5" failed="1" skipped="0">
  <reporter-output>
  </reporter-output>
  <suite started-at="2023-10-05T21:50:44 IST" name="Suite" finished-at="2023-10-05T21:51:07 IST" duration-ms="23074">
    <groups>
    </groups>
    <test started-at="2023-10-05T21:50:44 IST" name="Test" finished-at="2023-10-05T21:51:07 IST" duration-ms="23074">
      <class name="com.gor.pathology.tests.GORTests">
        <test-method is-config="true" signature="doSetup()[pri:0, instance:com.gor.pathology.tests.GORTests@482bce4f]" started-at="2023-10-05T21:50:37 IST" name="doSetup" finished-at="2023-10-05T21:50:44 IST" duration-ms="6519" status="PASS">
          <reporter-output>
          </reporter-output>
        </test-method> <!-- doSetup -->
        <test-method signature="doLogin(java.lang.String,java.lang.String,java.lang.String)[pri:0, instance:com.gor.pathology.tests.GORTests@482bce4f]" started-at="2023-10-05T21:50:45 IST" name="doLogin" data-provider="loginDataProvider" finished-at="2023-10-05T21:50:49 IST" duration-ms="3895" status="PASS">
          <params>
            <param index="0">
              <value>
                <![CDATA[Both are empty]]>
              </value>
            </param>
            <param index="1">
              <value>
                <![CDATA[]]>
              </value>
            </param>
            <param index="2">
              <value>
                <![CDATA[]]>
              </value>
            </param>
          </params>
          <reporter-output>
          </reporter-output>
        </test-method> <!-- doLogin -->
        <test-method signature="doLogin(java.lang.String,java.lang.String,java.lang.String)[pri:0, instance:com.gor.pathology.tests.GORTests@482bce4f]" started-at="2023-10-05T21:50:49 IST" name="doLogin" data-provider="loginDataProvider" finished-at="2023-10-05T21:50:53 IST" duration-ms="3763" status="PASS">
          <params>
            <param index="0">
              <value>
                <![CDATA[Email is empty]]>
              </value>
            </param>
            <param index="1">
              <value>
                <![CDATA[]]>
              </value>
            </param>
            <param index="2">
              <value>
                <![CDATA[Qwerty@1234]]>
              </value>
            </param>
          </params>
          <reporter-output>
          </reporter-output>
        </test-method> <!-- doLogin -->
        <test-method signature="doLogin(java.lang.String,java.lang.String,java.lang.String)[pri:0, instance:com.gor.pathology.tests.GORTests@482bce4f]" started-at="2023-10-05T21:50:53 IST" name="doLogin" data-provider="loginDataProvider" finished-at="2023-10-05T21:50:56 IST" duration-ms="3572" status="PASS">
          <params>
            <param index="0">
              <value>
                <![CDATA[Password is empty]]>
              </value>
            </param>
            <param index="1">
              <value>
                <![CDATA[test@kennect.io]]>
              </value>
            </param>
            <param index="2">
              <value>
                <![CDATA[]]>
              </value>
            </param>
          </params>
          <reporter-output>
          </reporter-output>
        </test-method> <!-- doLogin -->
        <test-method signature="doLogin(java.lang.String,java.lang.String,java.lang.String)[pri:0, instance:com.gor.pathology.tests.GORTests@482bce4f]" started-at="2023-10-05T21:50:56 IST" name="doLogin" data-provider="loginDataProvider" finished-at="2023-10-05T21:51:00 IST" duration-ms="3551" status="PASS">
          <params>
            <param index="0">
              <value>
                <![CDATA[Both are invalid]]>
              </value>
            </param>
            <param index="1">
              <value>
                <![CDATA[test@kennect.]]>
              </value>
            </param>
            <param index="2">
              <value>
                <![CDATA[Qwerty@234]]>
              </value>
            </param>
          </params>
          <reporter-output>
          </reporter-output>
        </test-method> <!-- doLogin -->
        <test-method signature="doLogin(java.lang.String,java.lang.String,java.lang.String)[pri:0, instance:com.gor.pathology.tests.GORTests@482bce4f]" started-at="2023-10-05T21:51:00 IST" name="doLogin" data-provider="loginDataProvider" finished-at="2023-10-05T21:51:07 IST" duration-ms="7162" status="PASS">
          <params>
            <param index="0">
              <value>
                <![CDATA[Both are valid]]>
              </value>
            </param>
            <param index="1">
              <value>
                <![CDATA[test@kennect.io]]>
              </value>
            </param>
            <param index="2">
              <value>
                <![CDATA[Qwerty@1234]]>
              </value>
            </param>
          </params>
          <reporter-output>
          </reporter-output>
        </test-method> <!-- doLogin -->
        <test-method signature="doLogin(java.lang.String,java.lang.String,java.lang.String)[pri:0, instance:com.gor.pathology.tests.GORTests@482bce4f]" started-at="2023-10-05T21:51:07 IST" name="doLogin" data-provider="loginDataProvider" finished-at="2023-10-05T21:51:07 IST" duration-ms="3" status="FAIL">
          <params>
            <param index="0">
              <value is-null="true"/>
            </param>
            <param index="1">
              <value is-null="true"/>
            </param>
            <param index="2">
              <value is-null="true"/>
            </param>
          </params>
          <exception class="java.lang.NullPointerException">
            <message>
              <![CDATA[Cannot invoke "String.equals(Object)" because "tName" is null]]>
            </message>
            <full-stacktrace>
              <![CDATA[java.lang.NullPointerException: Cannot invoke "String.equals(Object)" because "tName" is null
at com.gor.pathology.tests.GORTests.doLogin(GORTests.java:14)
at java.base/jdk.internal.reflect.NativeMethodAccessorImpl.invoke0(Native Method)
at java.base/jdk.internal.reflect.NativeMethodAccessorImpl.invoke(NativeMethodAccessorImpl.java:77)
at java.base/jdk.internal.reflect.DelegatingMethodAccessorImpl.invoke(DelegatingMethodAccessorImpl.java:43)
at java.base/java.lang.reflect.Method.invoke(Method.java:568)
at org.testng.internal.MethodInvocationHelper.invokeMethod(MethodInvocationHelper.java:133)
at org.testng.internal.TestInvoker.invokeMethod(TestInvoker.java:598)
at org.testng.internal.TestInvoker.invokeTestMethod(TestInvoker.java:173)
at org.testng.internal.MethodRunner.runInSequence(MethodRunner.java:46)
at org.testng.internal.TestInvoker$MethodInvocationAgent.invoke(TestInvoker.java:824)
at org.testng.internal.TestInvoker.invokeTestMethods(TestInvoker.java:146)
at org.testng.internal.TestMethodWorker.invokeTestMethods(TestMethodWorker.java:146)
at org.testng.internal.TestMethodWorker.run(TestMethodWorker.java:128)
at java.base/java.util.ArrayList.forEach(ArrayList.java:1511)
at org.testng.TestRunner.privateRun(TestRunner.java:794)
at org.testng.TestRunner.run(TestRunner.java:596)
at org.testng.SuiteRunner.runTest(SuiteRunner.java:377)
at org.testng.SuiteRunner.runSequentially(SuiteRunner.java:371)
at org.testng.SuiteRunner.privateRun(SuiteRunner.java:332)
at org.testng.SuiteRunner.run(SuiteRunner.java:276)
at org.testng.SuiteRunnerWorker.runSuite(SuiteRunnerWorker.java:53)
at org.testng.SuiteRunnerWorker.run(SuiteRunnerWorker.java:96)
at org.testng.TestNG.runSuitesSequentially(TestNG.java:1212)
at org.testng.TestNG.runSuitesLocally(TestNG.java:1134)
at org.testng.TestNG.runSuites(TestNG.java:1063)
at org.testng.TestNG.run(TestNG.java:1031)
at org.testng.remote.AbstractRemoteTestNG.run(AbstractRemoteTestNG.java:115)
at org.testng.remote.RemoteTestNG.initAndRun(RemoteTestNG.java:251)
at org.testng.remote.RemoteTestNG.main(RemoteTestNG.java:77)
]]>
            </full-stacktrace>
          </exception> <!-- java.lang.NullPointerException -->
          <reporter-output>
          </reporter-output>
        </test-method> <!-- doLogin -->
        <test-method is-config="true" signature="tearDown()[pri:0, instance:com.gor.pathology.tests.GORTests@482bce4f]" started-at="2023-10-05T21:51:08 IST" name="tearDown" finished-at="2023-10-05T21:51:08 IST" duration-ms="469" status="PASS">
          <reporter-output>
          </reporter-output>
        </test-method> <!-- tearDown -->
      </class> <!-- com.gor.pathology.tests.GORTests -->
    </test> <!-- Test -->
  </suite> <!-- Suite -->
</testng-results>
